<?xml version="1.0" encoding="UTF-8"?>
<!-- Generated by org.testng.reporters.JUnitReportReporter -->
<testsuite hostname="IBM-DW5GDN3" failures="0" tests="1" name="SeleniumProject.SeleniumActivities_Activity3" time="0.962" errors="0" timestamp="2024-01-21T12:47:01 IST" skipped="0">
  <testcase classname="SeleniumProject.SeleniumActivities_Activity3" name="Loginandverifyhomepage" time="0.962"/>
</testsuite> <!-- SeleniumProject.SeleniumActivities_Activity3 -->
