<?xml version="1.0" encoding="UTF-8"?>
<!-- Generated by org.testng.reporters.JUnitReportReporter -->
<testsuite hostname="IBM-DW5GDN3" failures="0" tests="3" name="SeleniumProject.SeleniumActivities_Activity4" time="5.073" errors="0" timestamp="2024-01-21T12:47:01 IST" skipped="0">
  <testcase classname="SeleniumProject.SeleniumActivities_Activity4" name="Loginandverifyhomepage" time="0.932"/>
  <testcase classname="SeleniumProject.SeleniumActivities_Activity4" name="searchAddedEmployee" time="0.957"/>
  <testcase classname="SeleniumProject.SeleniumActivities_Activity4" name="addEmployee" time="3.184"/>
</testsuite> <!-- SeleniumProject.SeleniumActivities_Activity4 -->
