<?xml version="1.0" encoding="UTF-8"?>
<!-- Generated by org.testng.reporters.JUnitReportReporter -->
<testsuite hostname="IBM-DW5GDN3" failures="0" tests="1" name="SeleniumProject.SeleniumActivities_Activity2" time="0.050" errors="0" timestamp="2024-01-21T12:47:01 IST" skipped="0">
  <testcase classname="SeleniumProject.SeleniumActivities_Activity2" name="urlOfHeaderImage" time="0.050"/>
</testsuite> <!-- SeleniumProject.SeleniumActivities_Activity2 -->
