<?xml version="1.0" encoding="UTF-8"?>
<!-- Generated by org.testng.reporters.JUnitReportReporter -->
<testsuite hostname="IBM-DW5GDN3" failures="0" tests="1" name="SeleniumProject.SeleniumActivites_Activity1" time="0.023" errors="0" timestamp="2024-01-21T12:47:01 IST" skipped="0">
  <testcase classname="SeleniumProject.SeleniumActivites_Activity1" name="verifywebsitetitle" time="0.023"/>
</testsuite> <!-- SeleniumProject.SeleniumActivites_Activity1 -->
